02:39:09| Starting to retrieve data from the server
02:39:17| ----------------------------------------
02:39:17| Title   : Revenge of the Sith
02:39:17| Director: George Lucas
02:39:17| Producer: Rick McCallum
02:39:17| Released: 2005-05-19
02:39:17| 
02:39:17| Characters: 34
02:39:17| Adi Gallia, Anakin Skywalker, Ayla Secura, Bail Prestor Organa, Beru Whitesun lars, C-3PO, Chewbacca, Darth Vader, Dooku, Eeth Koth, Grievous, Ki-Adi-Mundi, Kit Fisto, Leia Organa, Luke Skywalker, Luminara Unduli, Mace Windu, Nute Gunray, Obi-Wan Kenobi, Owen Lars, Padmé Amidala, Palpatine, Plo Koon, Poggle the Lesser, R2-D2, R4-P17, Raymus Antilles, Saesee Tiin, Shaak Ti, Sly Moore, Tarfful, Tion Medon, Wilhuff Tarkin, Yoda
02:39:17| 
02:39:17| Planets: 13
02:39:17| Alderaan, Cato Neimoidia, Coruscant, Dagobah, Felucia, Kashyyyk, Mustafar, Mygeeto, Naboo, Polis Massa, Saleucami, Tatooine, Utapau
02:39:17| 
02:39:17| Starships: 12
02:39:17| Banking clan frigte, Belbullab-22 starfighter, CR90 corvette, Droid control ship, Jedi Interceptor, Jedi starfighter, Naboo star skiff, Republic attack cruiser, Theta-class T-2c shuttle, Trade Federation cruiser, V-wing, arc-170
02:39:17| 
02:39:17| Vehicles: 13
02:39:17| AT-RT, AT-TE, Clone turbo tank, Corporate Alliance tank droid, Droid gunship, Droid tri-fighter, Emergency Firespeeder, LAAT/i, Neimoidian shuttle, Oevvaor jet catamaran, Raddaugh Gnasp fluttercraft, Tsmeu-6 personal wheel bike, Vulture Droid
02:39:17| 
02:39:17| Species: 20
02:39:17| Cerean, Chagrian, Clawdite, Droid, Geonosian, Human, Iktotchi, Kaleesh, Kel Dor, Mirialan, Muun, Pau an, Quermian, Skakoan, Tholothian, Togruta, Toong, Twi lek, Wookie, Yoda species
02:39:17| Total Time To complete = 7.17134990
02:39:17| There were 94 calls to the server
