22:25:09| 240 cars have been created = 2.78197140
22:25:09| Factories      : 1
22:25:09| Dealerships    : 1
22:25:09| Run Time       : 2.7820
22:25:09| Max queue size : 10
22:25:09| Factor Stats   : [240]
22:25:09| Dealer Stats   : [240]
22:25:09| 
22:25:12| 239 cars have been created = 2.56919770
22:25:12| Factories      : 1
22:25:12| Dealerships    : 2
22:25:12| Run Time       : 2.5692
22:25:12| Max queue size : 2
22:25:12| Factor Stats   : [239]
22:25:12| Dealer Stats   : [124, 115]
22:25:12| 
22:25:17| 504 cars have been created = 5.32809400
22:25:17| Factories      : 2
22:25:17| Dealerships    : 1
22:25:17| Run Time       : 5.3281
22:25:17| Max queue size : 10
22:25:17| Factor Stats   : [255, 249]
22:25:17| Dealer Stats   : [504]
22:25:17| 
22:25:20| 500 cars have been created = 3.25429760
22:25:20| Factories      : 2
22:25:20| Dealerships    : 2
22:25:20| Run Time       : 3.2543
22:25:20| Max queue size : 10
22:25:20| Factor Stats   : [210, 290]
22:25:20| Dealer Stats   : [247, 253]
22:25:20| 
22:25:23| 426 cars have been created = 2.56043430
22:25:23| Factories      : 2
22:25:23| Dealerships    : 5
22:25:23| Run Time       : 2.5604
22:25:23| Max queue size : 1
22:25:23| Factor Stats   : [220, 206]
22:25:23| Dealer Stats   : [87, 82, 84, 89, 84]
22:25:23| 
22:25:30| 1253 cars have been created = 6.78413980
22:25:30| Factories      : 5
22:25:30| Dealerships    : 2
22:25:30| Run Time       : 6.7841
22:25:30| Max queue size : 10
22:25:30| Factor Stats   : [250, 215, 299, 237, 252]
22:25:30| Dealer Stats   : [627, 626]
22:25:30| 
22:25:33| 2485 cars have been created = 3.21668210
22:25:33| Factories      : 10
22:25:33| Dealerships    : 10
22:25:33| Run Time       : 3.2167
22:25:33| Max queue size : 10
22:25:33| Factor Stats   : [214, 296, 244, 247, 221, 202, 294, 233, 270, 264]
22:25:33| Dealer Stats   : [254, 246, 248, 255, 249, 259, 246, 237, 250, 241]
22:25:33| 
