14:20:57| 229 cars have been created = 2.63190020
14:20:57| Factories      : 1
14:20:57| Dealerships    : 1
14:20:57| Run Time       : 2.6319
14:20:57| Max queue size : 10
14:20:57| Factor Stats   : [229]
14:20:57| Dealer Stats   : [229]
14:20:57| 
14:21:01| 274 cars have been created = 3.15560280
14:21:01| Factories      : 1
14:21:01| Dealerships    : 2
14:21:01| Run Time       : 3.1556
14:21:01| Max queue size : 1
14:21:01| Factor Stats   : [274]
14:21:01| Dealer Stats   : [134, 140]
14:21:01| 
14:21:06| 471 cars have been created = 5.10002480
14:21:06| Factories      : 2
14:21:06| Dealerships    : 1
14:21:06| Run Time       : 5.1000
14:21:06| Max queue size : 10
14:21:06| Factor Stats   : [241, 230]
14:21:06| Dealer Stats   : [471]
14:21:06| 
14:21:08| 451 cars have been created = 2.66573540
14:21:08| Factories      : 2
14:21:08| Dealerships    : 2
14:21:08| Run Time       : 2.6657
14:21:08| Max queue size : 10
14:21:08| Factor Stats   : [239, 212]
14:21:08| Dealer Stats   : [228, 223]
14:21:08| 
14:21:11| 471 cars have been created = 2.70406170
14:21:11| Factories      : 2
14:21:11| Dealerships    : 5
14:21:11| Run Time       : 2.7041
14:21:11| Max queue size : 1
14:21:11| Factor Stats   : [227, 244]
14:21:11| Dealer Stats   : [95, 93, 94, 95, 94]
14:21:11| 
14:21:18| 1169 cars have been created = 6.47248120
14:21:18| Factories      : 5
14:21:18| Dealerships    : 2
14:21:18| Run Time       : 6.4725
14:21:18| Max queue size : 10
14:21:18| Factor Stats   : [236, 241, 265, 224, 203]
14:21:18| Dealer Stats   : [585, 584]
14:21:18| 
14:21:21| 2439 cars have been created = 3.48693100
14:21:21| Factories      : 10
14:21:21| Dealerships    : 10
14:21:21| Run Time       : 3.4869
14:21:21| Max queue size : 7
14:21:21| Factor Stats   : [292, 261, 216, 223, 239, 267, 253, 230, 243, 215]
14:21:21| Dealer Stats   : [243, 247, 242, 236, 239, 250, 239, 240, 264, 239]
14:21:21| 
